Arguments: 
  /Users/bradconley/.nvm/versions/node/v14.15.0/bin/node /usr/local/Cellar/yarn/1.22.4/libexec/bin/yarn.js

PATH: 
  /Users/bradconley/.nvm/versions/node/v14.15.0/bin:/usr/local/bin:/usr/local/bin:/usr/bin:/bin:/usr/sbin:/sbin

Yarn version: 
  1.22.4

Node version: 
  14.15.0

Platform: 
  darwin x64

Trace: 
  SyntaxError: /Users/bradconley/Downloads/react-coding-challenge/package.json: Unexpected token } in JSON at position 214
      at JSON.parse (<anonymous>)
      at /usr/local/Cellar/yarn/1.22.4/libexec/lib/cli.js:1625:59
      at Generator.next (<anonymous>)
      at step (/usr/local/Cellar/yarn/1.22.4/libexec/lib/cli.js:310:30)
      at /usr/local/Cellar/yarn/1.22.4/libexec/lib/cli.js:321:13

npm manifest: 
  {
    "name": "react-coding-challange",
    "version": "0.0.1",
    "description": "react coding challenge",
    "main": "index.js",
    "scripts": {
      "start": "react-scripts start",
      "build": "react-scripts build",
    },
    "author": "RiskRecon",
    "license": "No license",
    "dependencies": {
      "chance": "^1.1.4",
      "lodash.random": "^3.2.0",
      "prop-types": "^15.7.2",
      "react": "^16.12.0",
      "react-dom": "^16.12.0",
      "react-scripts": "^3.4.0"
    },
    "devDependencies": {
    },
    "browserslist": {
      "production": [
        ">0.2%",
        "not dead",
        "not op_mini all"
      ],
      "development": [
        "last 1 chrome version",
        "last 1 firefox version",
        "last 1 safari version"
      ]
    }
  }

yarn manifest: 
  No manifest

Lockfile: 
  No lockfile
